<?xml version="1.0" encoding="UTF-8"?>
<!-- Generated by org.testng.reporters.JUnitReportReporter -->
<testsuite hostname="SankaraSaikumar" failures="0" tests="1" name="cucumberOptions.TestNGRunner" time="18.941" errors="1" timestamp="2023-11-26T16:23:23 IST" skipped="0">
  <testcase classname="cucumberOptions.TestNGRunner" name="runScenario" time="18.941">
    <error type="java.lang.IllegalMonitorStateException">
      <![CDATA[java.lang.IllegalMonitorStateException
at java.base/java.lang.Object.wait(Native Method)
at stepDefinitions.GreenkartStepsDefinition.user_is_on_greencart_landing_page(GreenkartStepsDefinition.java:19)
at ✽.User is on Greencart landing page(file:///D:/Selenium/Automation/src/test/java/features/searchProduts.feature:5)
]]>
    </error>
  </testcase> <!-- runScenario -->
</testsuite> <!-- cucumberOptions.TestNGRunner -->
