<?xml version="1.0" encoding="UTF-8"?>
<testsuite xmlns:xsi="http://www.w3.org/2001/XMLSchema-instance" xsi:noNamespaceSchemaLocation="https://maven.apache.org/surefire/maven-surefire-plugin/xsd/surefire-test-report-3.0.xsd" version="3.0" name="cucumberOptions.TestNGTestRunner" time="26.193" tests="2" errors="0" skipped="0" failures="0">
  <properties>
[...]
</properties>
  <testcase name="runScenario[&quot;Search and experence for product search in both home and offer page&quot;, &quot;Search and place the order for products&quot;](1)" classname="cucumberOptions.TestNGTestRunner" time="22.977">
    <system-out><![CDATA[TomatoIs extracted from home page
16: Pize of product
TomatoIs extracted from home page
Clicked on Plus button
Clicked on Plus button
Product name isTomato
TestingTomato
]]></system-out>
    <system-err><![CDATA[SLF4J: Failed to load class "org.slf4j.impl.StaticLoggerBinder".
SLF4J: Defaulting to no-operation (NOP) logger implementation
SLF4J: See http://www.slf4j.org/codes.html#StaticLoggerBinder for further details.
]]></system-err>
  </testcase>
  <testcase name="runScenario[&quot;Select number of fruits in greencart and click on check out&quot;, &quot;Verify no.of fruits and amount in checkout page by adding fruits.&quot;](2)" classname="cucumberOptions.TestNGTestRunner" time="24.773">
    <system-out><![CDATA[Print total amout of product :48
]]></system-out>
  </testcase>
</testsuite>