<?xml version="1.0" encoding="UTF-8"?>
<!-- Generated by org.testng.reporters.JUnitXMLReporter -->
<testsuite ignored="0" hostname="SankaraSaikumar" failures="1" tests="1" name="Default test" time="19.359" errors="0" timestamp="2023-11-26T16:23:22 IST">
  <testcase classname="io.cucumber.testng.AbstractTestNGCucumberTests" name="runScenario" time="18.941">
    <failure type="java.lang.IllegalMonitorStateException">
      <![CDATA[java.lang.IllegalMonitorStateException
at java.base/java.lang.Object.wait(Native Method)
at stepDefinitions.GreenkartStepsDefinition.user_is_on_greencart_landing_page(GreenkartStepsDefinition.java:19)
at ✽.User is on Greencart landing page(file:///D:/Selenium/Automation/src/test/java/features/searchProduts.feature:5)
]]>
    </failure>
  </testcase> <!-- runScenario -->
</testsuite> <!-- Default test -->
