<?xml version="1.0" encoding="UTF-8"?>
<!-- Generated by org.testng.reporters.JUnitXMLReporter -->
<testsuite ignored="0" hostname="SankaraSaikumar" failures="0" tests="2" name="Surefire test" time="25.571" errors="0" timestamp="2024-03-05T21:52:35 IST">
  <testcase classname="io.cucumber.testng.AbstractTestNGCucumberTests" name="runScenario" time="22.975"/>
  <testcase classname="io.cucumber.testng.AbstractTestNGCucumberTests" name="runScenario" time="24.774"/>
</testsuite> <!-- Surefire test -->
